<?xml version="1.0" encoding="UTF-8"?>
<coverage generated="1754698993203" clover="3.2.0">
  <project timestamp="1754698993203" name="All files">
    <metrics statements="26" coveredstatements="24" conditionals="32" coveredconditionals="25" methods="3" coveredmethods="3" elements="61" coveredelements="52" complexity="0" loc="26" ncloc="26" packages="1" files="1" classes="1"/>
    <file name="useMoveValidation.ts" path="/home/thehu/coolProjects/EndgameTrainer-training-board-complete/src/shared/hooks/useMoveValidation.ts">
      <metrics statements="26" coveredstatements="24" conditionals="32" coveredconditionals="25" methods="3" coveredmethods="3"/>
      <line num="35" count="1" type="stmt"/>
      <line num="105" count="45" type="stmt"/>
      <line num="115" count="45" type="stmt"/>
      <line num="116" count="45" type="stmt"/>
      <line num="119" count="45" type="stmt"/>
      <line num="120" count="30" type="cond" truecount="2" falsecount="0"/>
      <line num="123" count="11" type="cond" truecount="4" falsecount="0"/>
      <line num="125" count="11" type="cond" truecount="1" falsecount="1"/>
      <line num="126" count="0" type="stmt"/>
      <line num="129" count="11" type="stmt"/>
      <line num="130" count="11" type="stmt"/>
      <line num="132" count="11" type="cond" truecount="1" falsecount="1"/>
      <line num="133" count="11" type="stmt"/>
      <line num="136" count="11" type="cond" truecount="4" falsecount="2"/>
      <line num="137" count="0" type="stmt"/>
      <line num="139" count="11" type="stmt"/>
      <line num="144" count="45" type="stmt"/>
      <line num="145" count="27" type="stmt"/>
      <line num="153" count="27" type="cond" truecount="5" falsecount="1"/>
      <line num="154" count="1" type="stmt"/>
      <line num="157" count="1" type="stmt"/>
      <line num="160" count="26" type="cond" truecount="2" falsecount="0"/>
      <line num="161" count="3" type="stmt"/>
      <line num="162" count="23" type="cond" truecount="2" falsecount="0"/>
      <line num="164" count="1" type="stmt"/>
      <line num="169" count="45" type="stmt"/>
    </file>
  </project>
</coverage>
