{"/home/thehu/coolProjects/EndgameTrainer-training-board-complete/src/shared/hooks/useMoveValidation.ts": {"path":"/home/thehu/coolProjects/EndgameTrainer-training-board-complete/src/shared/hooks/useMoveValidation.ts","statementMap":{"0":{"start":{"line":105,"column":13},"end":{"line":105,"column":33}},"1":{"start":{"line":35,"column":44},"end":{"line":35,"column":null}},"2":{"start":{"line":105,"column":33},"end":{"line":173,"column":null}},"3":{"start":{"line":115,"column":34},"end":{"line":115,"column":null}},"4":{"start":{"line":116,"column":46},"end":{"line":116,"column":null}},"5":{"start":{"line":119,"column":2},"end":{"line":141,"column":null}},"6":{"start":{"line":120,"column":4},"end":{"line":120,"column":null}},"7":{"start":{"line":120,"column":25},"end":{"line":120,"column":null}},"8":{"start":{"line":123,"column":20},"end":{"line":123,"column":104}},"9":{"start":{"line":125,"column":4},"end":{"line":127,"column":null}},"10":{"start":{"line":126,"column":6},"end":{"line":126,"column":14}},"11":{"start":{"line":129,"column":4},"end":{"line":129,"column":null}},"12":{"start":{"line":130,"column":4},"end":{"line":130,"column":null}},"13":{"start":{"line":132,"column":31},"end":{"line":132,"column":48}},"14":{"start":{"line":133,"column":31},"end":{"line":133,"column":null}},"15":{"start":{"line":136,"column":4},"end":{"line":140,"column":null}},"16":{"start":{"line":137,"column":6},"end":{"line":137,"column":null}},"17":{"start":{"line":139,"column":6},"end":{"line":139,"column":null}},"18":{"start":{"line":144,"column":2},"end":{"line":166,"column":null}},"19":{"start":{"line":145,"column":4},"end":{"line":150,"column":null}},"20":{"start":{"line":153,"column":4},"end":{"line":158,"column":null}},"21":{"start":{"line":154,"column":6},"end":{"line":155,"column":null}},"22":{"start":{"line":157,"column":6},"end":{"line":157,"column":null}},"23":{"start":{"line":160,"column":4},"end":{"line":165,"column":null}},"24":{"start":{"line":161,"column":6},"end":{"line":161,"column":null}},"25":{"start":{"line":162,"column":11},"end":{"line":165,"column":null}},"26":{"start":{"line":164,"column":6},"end":{"line":164,"column":null}},"27":{"start":{"line":169,"column":2},"end":{"line":172,"column":null}}},"fnMap":{"0":{"name":"(anonymous_1)","decl":{"start":{"line":105,"column":33},"end":{"line":105,"column":34}},"loc":{"start":{"line":112,"column":27},"end":{"line":173,"column":null}}},"1":{"name":"(anonymous_2)","decl":{"start":{"line":119,"column":12},"end":{"line":119,"column":null}},"loc":{"start":{"line":119,"column":12},"end":{"line":141,"column":5}}},"2":{"name":"(anonymous_3)","decl":{"start":{"line":144,"column":12},"end":{"line":144,"column":null}},"loc":{"start":{"line":144,"column":12},"end":{"line":166,"column":5}}}},"branchMap":{"0":{"loc":{"start":{"line":120,"column":4},"end":{"line":120,"column":null}},"type":"if","locations":[{"start":{"line":120,"column":4},"end":{"line":120,"column":null}},{"start":{},"end":{}}]},"1":{"loc":{"start":{"line":123,"column":66},"end":{"line":123,"column":104}},"type":"cond-expr","locations":[{"start":{"line":123,"column":66},"end":{"line":123,"column":81}},{"start":{"line":123,"column":96},"end":{"line":123,"column":104}}]},"2":{"loc":{"start":{"line":123,"column":66},"end":{"line":123,"column":81}},"type":"binary-expr","locations":[{"start":{"line":123,"column":66},"end":{"line":123,"column":96}},{"start":{"line":123,"column":66},"end":{"line":123,"column":81}}]},"3":{"loc":{"start":{"line":125,"column":4},"end":{"line":127,"column":null}},"type":"if","locations":[{"start":{"line":125,"column":4},"end":{"line":127,"column":null}},{"start":{},"end":{}}]},"4":{"loc":{"start":{"line":132,"column":31},"end":{"line":132,"column":48}},"type":"binary-expr","locations":[{"start":{"line":132,"column":31},"end":{"line":132,"column":46}},{"start":{"line":132,"column":46},"end":{"line":132,"column":48}}]},"5":{"loc":{"start":{"line":136,"column":4},"end":{"line":140,"column":null}},"type":"if","locations":[{"start":{"line":136,"column":4},"end":{"line":140,"column":null}},{"start":{"line":138,"column":11},"end":{"line":140,"column":null}}]},"6":{"loc":{"start":{"line":136,"column":8},"end":{"line":136,"column":40}},"type":"cond-expr","locations":[{"start":{"line":136,"column":8},"end":{"line":136,"column":26}},{"start":{"line":136,"column":8},"end":{"line":136,"column":40}}]},"7":{"loc":{"start":{"line":136,"column":8},"end":{"line":136,"column":26}},"type":"binary-expr","locations":[{"start":{"line":136,"column":8},"end":{"line":136,"column":26}},{"start":{"line":136,"column":8},"end":{"line":136,"column":26}}]},"8":{"loc":{"start":{"line":147,"column":30},"end":{"line":147,"column":65}},"type":"cond-expr","locations":[{"start":{"line":147,"column":30},"end":{"line":147,"column":48}},{"start":{"line":147,"column":30},"end":{"line":147,"column":65}}]},"9":{"loc":{"start":{"line":147,"column":30},"end":{"line":147,"column":48}},"type":"binary-expr","locations":[{"start":{"line":147,"column":30},"end":{"line":147,"column":48}},{"start":{"line":147,"column":30},"end":{"line":147,"column":48}}]},"10":{"loc":{"start":{"line":148,"column":40},"end":{"line":148,"column":null}},"type":"binary-expr","locations":[{"start":{"line":148,"column":40},"end":{"line":148,"column":60}},{"start":{"line":148,"column":60},"end":{"line":148,"column":null}}]},"11":{"loc":{"start":{"line":153,"column":4},"end":{"line":158,"column":null}},"type":"if","locations":[{"start":{"line":153,"column":4},"end":{"line":158,"column":null}},{"start":{},"end":{}}]},"12":{"loc":{"start":{"line":153,"column":9},"end":{"line":153,"column":44}},"type":"cond-expr","locations":[{"start":{"line":153,"column":9},"end":{"line":153,"column":27}},{"start":{"line":153,"column":9},"end":{"line":153,"column":44}}]},"13":{"loc":{"start":{"line":153,"column":9},"end":{"line":153,"column":27}},"type":"binary-expr","locations":[{"start":{"line":153,"column":9},"end":{"line":153,"column":27}},{"start":{"line":153,"column":9},"end":{"line":153,"column":27}}]},"14":{"loc":{"start":{"line":160,"column":4},"end":{"line":165,"column":null}},"type":"if","locations":[{"start":{"line":160,"column":4},"end":{"line":165,"column":null}},{"start":{"line":162,"column":11},"end":{"line":165,"column":null}}]},"15":{"loc":{"start":{"line":162,"column":11},"end":{"line":165,"column":null}},"type":"if","locations":[{"start":{"line":162,"column":11},"end":{"line":165,"column":null}},{"start":{},"end":{}}]}},"s":{"0":45,"1":1,"2":1,"3":45,"4":45,"5":45,"6":30,"7":19,"8":11,"9":11,"10":0,"11":11,"12":11,"13":11,"14":11,"15":11,"16":0,"17":11,"18":45,"19":27,"20":27,"21":1,"22":1,"23":26,"24":3,"25":23,"26":1,"27":45},"f":{"0":45,"1":30,"2":27},"b":{"0":[19,11],"1":[1,10],"2":[11,11],"3":[0,11],"4":[11,0],"5":[0,11],"6":[0,11],"7":[11,11],"8":[0,27],"9":[27,27],"10":[27,0],"11":[1,26],"12":[0,27],"13":[27,27],"14":[3,23],"15":[1,22]}}
}
