TN:
SF:src/shared/hooks/useMoveValidation.ts
FN:105,(anonymous_1)
FN:119,(anonymous_2)
FN:144,(anonymous_3)
FNF:3
FNH:3
FNDA:45,(anonymous_1)
FNDA:30,(anonymous_2)
FNDA:27,(anonymous_3)
DA:35,1
DA:105,45
DA:115,45
DA:116,45
DA:119,45
DA:120,30
DA:123,11
DA:125,11
DA:126,0
DA:129,11
DA:130,11
DA:132,11
DA:133,11
DA:136,11
DA:137,0
DA:139,11
DA:144,45
DA:145,27
DA:153,27
DA:154,1
DA:157,1
DA:160,26
DA:161,3
DA:162,23
DA:164,1
DA:169,45
LF:26
LH:24
BRDA:120,0,0,19
BRDA:120,0,1,11
BRDA:123,1,0,1
BRDA:123,1,1,10
BRDA:123,2,0,11
BRDA:123,2,1,11
BRDA:125,3,0,0
BRDA:125,3,1,11
BRDA:132,4,0,11
BRDA:132,4,1,0
BRDA:136,5,0,0
BRDA:136,5,1,11
BRDA:136,6,0,0
BRDA:136,6,1,11
BRDA:136,7,0,11
BRDA:136,7,1,11
BRDA:147,8,0,0
BRDA:147,8,1,27
BRDA:147,9,0,27
BRDA:147,9,1,27
BRDA:148,10,0,27
BRDA:148,10,1,0
BRDA:153,11,0,1
BRDA:153,11,1,26
BRDA:153,12,0,0
BRDA:153,12,1,27
BRDA:153,13,0,27
BRDA:153,13,1,27
BRDA:160,14,0,3
BRDA:160,14,1,23
BRDA:162,15,0,1
BRDA:162,15,1,22
BRF:32
BRH:25
end_of_record
